<?xml version="1.0" encoding="UTF-8"?>
<testsuite name="com.sam.dacanay.interview.triplets.TripletSolutionTest" tests="1" skipped="0" failures="0" errors="0" timestamp="2019-10-09T15:56:24" hostname="SB-SDACANAY.local.tld" time="0.002">
  <properties/>
  <testcase name="testFindTripletsThatSumToZeroSimple" classname="com.sam.dacanay.interview.triplets.TripletSolutionTest" time="0.002"/>
  <system-out><![CDATA[]]></system-out>
  <system-err><![CDATA[]]></system-err>
</testsuite>
